   1               		.file	"simple_draw.c"
   2               	__SREG__ = 0x3f
   3               	__SP_H__ = 0x3e
   4               	__SP_L__ = 0x3d
   5               	__CCP__  = 0x34
   6               	__tmp_reg__ = 0
   7               	__zero_reg__ = 1
   8               		.global __do_copy_data
   9               		.global __do_clear_bss
  17               	.Ltext0:
  18               	.global	setLED
  20               	setLED:
  21               	.LFB4:
  22               	.LM1:
  23               	.LVL0:
  24               	/* prologue: function */
  25               	/* frame size = 0 */
  26 0000 DC01      		movw r26,r24
  27               	.LBB86:
  28               	.LBB87:
  29               	.LM2:
  30 0002 8530      		cpi r24,5
  31 0004 9105      		cpc r25,__zero_reg__
  32 0006 00F4      		brsh .L3
  33 0008 77FD      		sbrc r23,7
  34 000a 00C0      		rjmp .L3
  35 000c 6530      		cpi r22,5
  36 000e 7105      		cpc r23,__zero_reg__
  37 0010 04F4      		brge .L3
  38 0012 57FD      		sbrc r21,7
  39 0014 00C0      		rjmp .L3
  40 0016 4530      		cpi r20,5
  41 0018 5105      		cpc r21,__zero_reg__
  42 001a 04F4      		brge .L3
  43               	.LBE87:
  44               	.LBE86:
  45               	.LM3:
  46 001c FA01      		movw r30,r20
  47 001e EE0F      		lsl r30
  48 0020 FF1F      		rol r31
  49 0022 EE0F      		lsl r30
  50 0024 FF1F      		rol r31
  51               	.LVL1:
  52 0026 E40F      		add r30,r20
  53 0028 F51F      		adc r31,r21
  54 002a E60F      		add r30,r22
  55 002c F71F      		adc r31,r23
  56 002e E050      		subi r30,lo8(-(cube))
  57 0030 F040      		sbci r31,hi8(-(cube))
  58 0032 2081      		ld r18,Z
  59 0034 81E0      		ldi r24,lo8(1)
  60 0036 90E0      		ldi r25,hi8(1)
  61 0038 00C0      		rjmp 2f
  62 003a 880F      	1:	lsl r24
  63 003c 991F      		rol r25
  64 003e AA95      	2:	dec r26
  65 0040 02F4      		brpl 1b
  66 0042 282B      		or r18,r24
  67 0044 2083      		st Z,r18
  68               	.LVL2:
  69               	.L3:
  70 0046 0895      		ret
  71               	.LFE4:
  73               	.global	clrLED
  75               	clrLED:
  76               	.LFB5:
  77               	.LM4:
  78               	.LVL3:
  79               	/* prologue: function */
  80               	/* frame size = 0 */
  81 0048 DC01      		movw r26,r24
  82               	.LBB88:
  83               	.LBB89:
  84               	.LM5:
  85 004a 8530      		cpi r24,5
  86 004c 9105      		cpc r25,__zero_reg__
  87 004e 00F4      		brsh .L6
  88 0050 77FD      		sbrc r23,7
  89 0052 00C0      		rjmp .L6
  90 0054 6530      		cpi r22,5
  91 0056 7105      		cpc r23,__zero_reg__
  92 0058 04F4      		brge .L6
  93 005a 57FD      		sbrc r21,7
  94 005c 00C0      		rjmp .L6
  95 005e 4530      		cpi r20,5
  96 0060 5105      		cpc r21,__zero_reg__
  97 0062 04F4      		brge .L6
  98               	.LBE89:
  99               	.LBE88:
 100               	.LM6:
 101 0064 FA01      		movw r30,r20
 102 0066 EE0F      		lsl r30
 103 0068 FF1F      		rol r31
 104 006a EE0F      		lsl r30
 105 006c FF1F      		rol r31
 106 006e E40F      		add r30,r20
 107 0070 F51F      		adc r31,r21
 108 0072 E60F      		add r30,r22
 109 0074 F71F      		adc r31,r23
 110 0076 E050      		subi r30,lo8(-(cube))
 111 0078 F040      		sbci r31,hi8(-(cube))
 112 007a 2081      		ld r18,Z
 113 007c 81E0      		ldi r24,lo8(1)
 114 007e 90E0      		ldi r25,hi8(1)
 115               	.LVL4:
 116 0080 00C0      		rjmp 2f
 117 0082 880F      	1:	lsl r24
 118 0084 991F      		rol r25
 119 0086 AA95      	2:	dec r26
 120 0088 02F4      		brpl 1b
 121 008a 8095      		com r24
 122 008c 8223      		and r24,r18
 123 008e 8083      		st Z,r24
 124               	.LVL5:
 125               	.L6:
 126 0090 0895      		ret
 127               	.LFE5:
 129               	.global	getLED
 131               	getLED:
 132               	.LFB6:
 133               	.LM7:
 134               	.LVL6:
 135               	/* prologue: function */
 136               	/* frame size = 0 */
 137 0092 9C01      		movw r18,r24
 138               	.LBB90:
 139               	.LBB91:
 140               	.LM8:
 141 0094 8530      		cpi r24,5
 142 0096 9105      		cpc r25,__zero_reg__
 143 0098 00F4      		brsh .L8
 144 009a 77FD      		sbrc r23,7
 145 009c 00C0      		rjmp .L8
 146 009e 6530      		cpi r22,5
 147 00a0 7105      		cpc r23,__zero_reg__
 148 00a2 04F4      		brge .L8
 149 00a4 57FD      		sbrc r21,7
 150 00a6 00C0      		rjmp .L8
 151 00a8 4530      		cpi r20,5
 152 00aa 5105      		cpc r21,__zero_reg__
 153 00ac 04F4      		brge .L8
 154               	.LBE91:
 155               	.LBE90:
 156               	.LM9:
 157 00ae FA01      		movw r30,r20
 158 00b0 EE0F      		lsl r30
 159 00b2 FF1F      		rol r31
 160 00b4 EE0F      		lsl r30
 161 00b6 FF1F      		rol r31
 162 00b8 E40F      		add r30,r20
 163 00ba F51F      		adc r31,r21
 164 00bc E60F      		add r30,r22
 165 00be F71F      		adc r31,r23
 166 00c0 E050      		subi r30,lo8(-(cube))
 167 00c2 F040      		sbci r31,hi8(-(cube))
 168 00c4 8081      		ld r24,Z
 169               	.LVL7:
 170 00c6 90E0      		ldi r25,lo8(0)
 171 00c8 00C0      		rjmp 2f
 172 00ca 9595      	1:	asr r25
 173 00cc 8795      		ror r24
 174 00ce 2A95      	2:	dec r18
 175 00d0 02F4      		brpl 1b
 176 00d2 8170      		andi r24,lo8(1)
 177 00d4 0895      		ret
 178               	.LVL8:
 179               	.L8:
 180 00d6 80E0      		ldi r24,lo8(0)
 181               	.LVL9:
 182               	.LM10:
 183 00d8 0895      		ret
 184               	.LFE6:
 186               	.global	inrange
 188               	inrange:
 189               	.LFB7:
 190               	.LM11:
 191               	.LVL10:
 192               	/* prologue: function */
 193               	/* frame size = 0 */
 194               	.LM12:
 195 00da 0597      		sbiw r24,5
 196 00dc 00F4      		brsh .L12
 197 00de 77FD      		sbrc r23,7
 198 00e0 00C0      		rjmp .L12
 199 00e2 6530      		cpi r22,5
 200 00e4 7105      		cpc r23,__zero_reg__
 201 00e6 04F4      		brge .L12
 202 00e8 57FD      		sbrc r21,7
 203 00ea 00C0      		rjmp .L12
 204 00ec 90E0      		ldi r25,lo8(0)
 205 00ee 4530      		cpi r20,5
 206 00f0 5105      		cpc r21,__zero_reg__
 207 00f2 04F0      		brlt .L13
 208 00f4 91E0      		ldi r25,lo8(1)
 209               	.L13:
 210 00f6 81E0      		ldi r24,lo8(1)
 211               	.LVL11:
 212 00f8 9827      		eor r25,r24
 213 00fa 00C0      		rjmp .L14
 214               	.LVL12:
 215               	.L12:
 216 00fc 90E0      		ldi r25,lo8(0)
 217               	.L14:
 218               	.LM13:
 219 00fe 892F      		mov r24,r25
 220               	.LVL13:
 221               	/* epilogue start */
 222 0100 0895      		ret
 223               	.LFE7:
 225               	.global	alterLED
 227               	alterLED:
 228               	.LFB8:
 229               	.LM14:
 230               	.LVL14:
 231               	/* prologue: function */
 232               	/* frame size = 0 */
 233 0102 DC01      		movw r26,r24
 234               	.LM15:
 235 0104 2130      		cpi r18,1
 236 0106 3105      		cpc r19,__zero_reg__
 237 0108 01F4      		brne .L17
 238               	.LVL15:
 239               	.LBB92:
 240               	.LBB93:
 241               	.LBB94:
 242               	.LBB95:
 243               	.LM16:
 244 010a 8530      		cpi r24,5
 245 010c 9105      		cpc r25,__zero_reg__
 246 010e 00F4      		brsh .L19
 247               	.LVL16:
 248 0110 77FD      		sbrc r23,7
 249 0112 00C0      		rjmp .L19
 250 0114 6530      		cpi r22,5
 251 0116 7105      		cpc r23,__zero_reg__
 252 0118 04F4      		brge .L19
 253 011a 57FD      		sbrc r21,7
 254 011c 00C0      		rjmp .L19
 255 011e 4530      		cpi r20,5
 256 0120 5105      		cpc r21,__zero_reg__
 257 0122 04F4      		brge .L19
 258               	.LBE95:
 259               	.LBE94:
 260               	.LM17:
 261 0124 FA01      		movw r30,r20
 262 0126 EE0F      		lsl r30
 263 0128 FF1F      		rol r31
 264 012a EE0F      		lsl r30
 265 012c FF1F      		rol r31
 266 012e E40F      		add r30,r20
 267 0130 F51F      		adc r31,r21
 268 0132 E60F      		add r30,r22
 269 0134 F71F      		adc r31,r23
 270 0136 E050      		subi r30,lo8(-(cube))
 271 0138 F040      		sbci r31,hi8(-(cube))
 272 013a 8081      		ld r24,Z
 273               	.LVL17:
 274 013c 00C0      		rjmp 2f
 275 013e 220F      	1:	lsl r18
 276 0140 331F      		rol r19
 277 0142 AA95      	2:	dec r26
 278 0144 02F4      		brpl 1b
 279               	.LVL18:
 280 0146 822B      		or r24,r18
 281 0148 8083      		st Z,r24
 282 014a 0895      		ret
 283               	.LVL19:
 284               	.L17:
 285               	.LBE93:
 286               	.LBE92:
 287               	.LM18:
 288 014c 0E94 0000 		call clrLED
 289               	.LVL20:
 290               	.L19:
 291 0150 0895      		ret
 292               	.LFE8:
 294               	.global	flpLED
 296               	flpLED:
 297               	.LFB9:
 298               	.LM19:
 299               	.LVL21:
 300               	/* prologue: function */
 301               	/* frame size = 0 */
 302 0152 DC01      		movw r26,r24
 303               	.LBB96:
 304               	.LBB97:
 305               	.LM20:
 306 0154 8530      		cpi r24,5
 307 0156 9105      		cpc r25,__zero_reg__
 308 0158 00F4      		brsh .L22
 309 015a 77FD      		sbrc r23,7
 310 015c 00C0      		rjmp .L22
 311 015e 6530      		cpi r22,5
 312 0160 7105      		cpc r23,__zero_reg__
 313 0162 04F4      		brge .L22
 314 0164 57FD      		sbrc r21,7
 315 0166 00C0      		rjmp .L22
 316 0168 4530      		cpi r20,5
 317 016a 5105      		cpc r21,__zero_reg__
 318 016c 04F4      		brge .L22
 319               	.LBE97:
 320               	.LBE96:
 321               	.LM21:
 322 016e FA01      		movw r30,r20
 323 0170 EE0F      		lsl r30
 324 0172 FF1F      		rol r31
 325 0174 EE0F      		lsl r30
 326 0176 FF1F      		rol r31
 327               	.LVL22:
 328 0178 E40F      		add r30,r20
 329 017a F51F      		adc r31,r21
 330 017c E60F      		add r30,r22
 331 017e F71F      		adc r31,r23
 332 0180 E050      		subi r30,lo8(-(cube))
 333 0182 F040      		sbci r31,hi8(-(cube))
 334 0184 2081      		ld r18,Z
 335 0186 81E0      		ldi r24,lo8(1)
 336 0188 90E0      		ldi r25,hi8(1)
 337 018a 00C0      		rjmp 2f
 338 018c 880F      	1:	lsl r24
 339 018e 991F      		rol r25
 340 0190 AA95      	2:	dec r26
 341 0192 02F4      		brpl 1b
 342 0194 2827      		eor r18,r24
 343 0196 2083      		st Z,r18
 344               	.LVL23:
 345               	.L22:
 346 0198 0895      		ret
 347               	.LFE9:
 349               	.global	setplane_z
 351               	setplane_z:
 352               	.LFB10:
 353               	.LM22:
 354               	.LVL24:
 355               	/* prologue: function */
 356               	/* frame size = 0 */
 357               	.LM23:
 358 019a FC01      		movw r30,r24
 359 019c EE0F      		lsl r30
 360 019e FF1F      		rol r31
 361 01a0 EE0F      		lsl r30
 362 01a2 FF1F      		rol r31
 363 01a4 E80F      		add r30,r24
 364 01a6 F91F      		adc r31,r25
 365 01a8 E050      		subi r30,lo8(-(cube))
 366 01aa F040      		sbci r31,hi8(-(cube))
 367 01ac 8FE1      		ldi r24,lo8(31)
 368               	.LVL25:
 369 01ae 8083      		st Z,r24
 370 01b0 8183      		std Z+1,r24
 371 01b2 8283      		std Z+2,r24
 372 01b4 8383      		std Z+3,r24
 373 01b6 8483      		std Z+4,r24
 374               	/* epilogue start */
 375               	.LM24:
 376 01b8 0895      		ret
 377               	.LFE10:
 379               	.global	clrplane_z
 381               	clrplane_z:
 382               	.LFB11:
 383               	.LM25:
 384               	.LVL26:
 385               	/* prologue: function */
 386               	/* frame size = 0 */
 387               	.LM26:
 388 01ba FC01      		movw r30,r24
 389 01bc EE0F      		lsl r30
 390 01be FF1F      		rol r31
 391 01c0 EE0F      		lsl r30
 392 01c2 FF1F      		rol r31
 393 01c4 E80F      		add r30,r24
 394 01c6 F91F      		adc r31,r25
 395 01c8 E050      		subi r30,lo8(-(cube))
 396 01ca F040      		sbci r31,hi8(-(cube))
 397 01cc 1082      		st Z,__zero_reg__
 398 01ce 1182      		std Z+1,__zero_reg__
 399 01d0 1282      		std Z+2,__zero_reg__
 400 01d2 1382      		std Z+3,__zero_reg__
 401 01d4 1482      		std Z+4,__zero_reg__
 402               	/* epilogue start */
 403               	.LM27:
 404 01d6 0895      		ret
 405               	.LFE11:
 407               	.global	setplane_x
 409               	setplane_x:
 410               	.LFB12:
 411               	.LM28:
 412               	.LVL27:
 413               	/* prologue: function */
 414               	/* frame size = 0 */
 415               	.LM29:
 416 01d8 21E0      		ldi r18,lo8(1)
 417 01da 30E0      		ldi r19,hi8(1)
 418 01dc 00C0      		rjmp 2f
 419 01de 220F      	1:	lsl r18
 420 01e0 331F      		rol r19
 421 01e2 8A95      	2:	dec r24
 422 01e4 02F4      		brpl 1b
 423 01e6 60E0      		ldi r22,lo8(0)
 424 01e8 70E0      		ldi r23,hi8(0)
 425               	.LVL28:
 426 01ea 00C0      		rjmp .L28
 427               	.LVL29:
 428               	.L29:
 429 01ec FD01      		movw r30,r26
 430 01ee E40F      		add r30,r20
 431 01f0 F51F      		adc r31,r21
 432 01f2 E050      		subi r30,lo8(-(cube))
 433 01f4 F040      		sbci r31,hi8(-(cube))
 434 01f6 8081      		ld r24,Z
 435               	.LVL30:
 436 01f8 822B      		or r24,r18
 437 01fa 8083      		st Z,r24
 438               	.LM30:
 439 01fc 4F5F      		subi r20,lo8(-(1))
 440 01fe 5F4F      		sbci r21,hi8(-(1))
 441 0200 4530      		cpi r20,5
 442 0202 5105      		cpc r21,__zero_reg__
 443 0204 01F4      		brne .L29
 444               	.LM31:
 445 0206 6F5F      		subi r22,lo8(-(1))
 446 0208 7F4F      		sbci r23,hi8(-(1))
 447 020a 6530      		cpi r22,5
 448 020c 7105      		cpc r23,__zero_reg__
 449 020e 01F0      		breq .L31
 450               	.LVL31:
 451               	.L28:
 452 0210 40E0      		ldi r20,lo8(0)
 453 0212 50E0      		ldi r21,hi8(0)
 454               	.LM32:
 455 0214 DB01      		movw r26,r22
 456 0216 AA0F      		lsl r26
 457 0218 BB1F      		rol r27
 458 021a AA0F      		lsl r26
 459 021c BB1F      		rol r27
 460 021e A60F      		add r26,r22
 461 0220 B71F      		adc r27,r23
 462 0222 00C0      		rjmp .L29
 463               	.LVL32:
 464               	.L31:
 465 0224 0895      		ret
 466               	.LFE12:
 468               	.global	clrplane_x
 470               	clrplane_x:
 471               	.LFB13:
 472               	.LM33:
 473               	.LVL33:
 474               	/* prologue: function */
 475               	/* frame size = 0 */
 476               	.LM34:
 477 0226 21E0      		ldi r18,lo8(1)
 478 0228 30E0      		ldi r19,hi8(1)
 479 022a 00C0      		rjmp 2f
 480 022c 220F      	1:	lsl r18
 481 022e 331F      		rol r19
 482 0230 8A95      	2:	dec r24
 483 0232 02F4      		brpl 1b
 484 0234 2095      		com r18
 485 0236 60E0      		ldi r22,lo8(0)
 486 0238 70E0      		ldi r23,hi8(0)
 487               	.LVL34:
 488 023a 00C0      		rjmp .L34
 489               	.LVL35:
 490               	.L35:
 491 023c FD01      		movw r30,r26
 492 023e E40F      		add r30,r20
 493 0240 F51F      		adc r31,r21
 494 0242 E050      		subi r30,lo8(-(cube))
 495 0244 F040      		sbci r31,hi8(-(cube))
 496 0246 8081      		ld r24,Z
 497               	.LVL36:
 498 0248 8223      		and r24,r18
 499 024a 8083      		st Z,r24
 500               	.LM35:
 501 024c 4F5F      		subi r20,lo8(-(1))
 502 024e 5F4F      		sbci r21,hi8(-(1))
 503 0250 4530      		cpi r20,5
 504 0252 5105      		cpc r21,__zero_reg__
 505 0254 01F4      		brne .L35
 506               	.LM36:
 507 0256 6F5F      		subi r22,lo8(-(1))
 508 0258 7F4F      		sbci r23,hi8(-(1))
 509 025a 6530      		cpi r22,5
 510 025c 7105      		cpc r23,__zero_reg__
 511 025e 01F0      		breq .L37
 512               	.LVL37:
 513               	.L34:
 514 0260 40E0      		ldi r20,lo8(0)
 515 0262 50E0      		ldi r21,hi8(0)
 516               	.LM37:
 517 0264 DB01      		movw r26,r22
 518 0266 AA0F      		lsl r26
 519 0268 BB1F      		rol r27
 520 026a AA0F      		lsl r26
 521 026c BB1F      		rol r27
 522 026e A60F      		add r26,r22
 523 0270 B71F      		adc r27,r23
 524 0272 00C0      		rjmp .L35
 525               	.LVL38:
 526               	.L37:
 527 0274 0895      		ret
 528               	.LFE13:
 530               	.global	setplane_y
 532               	setplane_y:
 533               	.LFB14:
 534               	.LM38:
 535               	.LVL39:
 536               	/* prologue: function */
 537               	/* frame size = 0 */
 538               	.LM39:
 539 0276 FC01      		movw r30,r24
 540 0278 E050      		subi r30,lo8(-(cube))
 541 027a F040      		sbci r31,hi8(-(cube))
 542 027c 8FE1      		ldi r24,lo8(31)
 543               	.LVL40:
 544 027e 8083      		st Z,r24
 545 0280 8583      		std Z+5,r24
 546 0282 8287      		std Z+10,r24
 547 0284 8787      		std Z+15,r24
 548 0286 848B      		std Z+20,r24
 549               	/* epilogue start */
 550               	.LM40:
 551 0288 0895      		ret
 552               	.LFE14:
 554               	.global	clrplane_y
 556               	clrplane_y:
 557               	.LFB15:
 558               	.LM41:
 559               	.LVL41:
 560               	/* prologue: function */
 561               	/* frame size = 0 */
 562               	.LM42:
 563 028a FC01      		movw r30,r24
 564 028c E050      		subi r30,lo8(-(cube))
 565 028e F040      		sbci r31,hi8(-(cube))
 566 0290 1082      		st Z,__zero_reg__
 567 0292 1582      		std Z+5,__zero_reg__
 568 0294 1286      		std Z+10,__zero_reg__
 569 0296 1786      		std Z+15,__zero_reg__
 570 0298 148A      		std Z+20,__zero_reg__
 571               	/* epilogue start */
 572               	.LM43:
 573 029a 0895      		ret
 574               	.LFE15:
 576               	.global	setplane
 578               	setplane:
 579               	.LFB16:
 580               	.LM44:
 581               	.LVL42:
 582               	/* prologue: function */
 583               	/* frame size = 0 */
 584               	.LM45:
 585 029c 8837      		cpi r24,lo8(120)
 586 029e 01F0      		breq .+2
 587 02a0 00C0      		rjmp .L44
 588               	.LM46:
 589 02a2 1416      		cp __zero_reg__,r20
 590 02a4 1506      		cpc __zero_reg__,r21
 591 02a6 04F0      		brlt .L45
 592               	.LBB98:
 593               	.LBB99:
 594               	.LM47:
 595 02a8 81E0      		ldi r24,lo8(1)
 596 02aa 90E0      		ldi r25,hi8(1)
 597               	.LVL43:
 598 02ac 00C0      		rjmp 2f
 599 02ae 880F      	1:	lsl r24
 600 02b0 991F      		rol r25
 601 02b2 6A95      	2:	dec r22
 602 02b4 02F4      		brpl 1b
 603 02b6 982F      		mov r25,r24
 604 02b8 9095      		com r25
 605 02ba 40E0      		ldi r20,lo8(0)
 606 02bc 50E0      		ldi r21,hi8(0)
 607               	.LVL44:
 608 02be 00C0      		rjmp .L46
 609               	.LVL45:
 610               	.L45:
 611               	.LBE99:
 612               	.LBE98:
 613               	.LBB101:
 614               	.LBB102:
 615               	.LM48:
 616 02c0 81E0      		ldi r24,lo8(1)
 617 02c2 90E0      		ldi r25,hi8(1)
 618               	.LVL46:
 619 02c4 00C0      		rjmp 2f
 620 02c6 880F      	1:	lsl r24
 621 02c8 991F      		rol r25
 622 02ca 6A95      	2:	dec r22
 623 02cc 02F4      		brpl 1b
 624 02ce 982F      		mov r25,r24
 625 02d0 40E0      		ldi r20,lo8(0)
 626 02d2 50E0      		ldi r21,hi8(0)
 627               	.LVL47:
 628 02d4 00C0      		rjmp .L47
 629               	.LVL48:
 630               	.L48:
 631 02d6 FB01      		movw r30,r22
 632 02d8 E20F      		add r30,r18
 633 02da F31F      		adc r31,r19
 634 02dc E050      		subi r30,lo8(-(cube))
 635 02de F040      		sbci r31,hi8(-(cube))
 636 02e0 8081      		ld r24,Z
 637 02e2 892B      		or r24,r25
 638 02e4 8083      		st Z,r24
 639               	.LM49:
 640 02e6 2F5F      		subi r18,lo8(-(1))
 641 02e8 3F4F      		sbci r19,hi8(-(1))
 642 02ea 2530      		cpi r18,5
 643 02ec 3105      		cpc r19,__zero_reg__
 644 02ee 01F4      		brne .L48
 645               	.LM50:
 646 02f0 4F5F      		subi r20,lo8(-(1))
 647 02f2 5F4F      		sbci r21,hi8(-(1))
 648 02f4 4530      		cpi r20,5
 649 02f6 5105      		cpc r21,__zero_reg__
 650 02f8 01F4      		brne .+2
 651 02fa 00C0      		rjmp .L54
 652               	.LVL49:
 653               	.L47:
 654 02fc 20E0      		ldi r18,lo8(0)
 655 02fe 30E0      		ldi r19,hi8(0)
 656               	.LM51:
 657 0300 BA01      		movw r22,r20
 658               	.LVL50:
 659 0302 660F      		lsl r22
 660 0304 771F      		rol r23
 661 0306 660F      		lsl r22
 662 0308 771F      		rol r23
 663 030a 640F      		add r22,r20
 664 030c 751F      		adc r23,r21
 665 030e 00C0      		rjmp .L48
 666               	.LVL51:
 667               	.L50:
 668               	.LBE102:
 669               	.LBE101:
 670               	.LBB103:
 671               	.LBB100:
 672               	.LM52:
 673 0310 FB01      		movw r30,r22
 674 0312 E20F      		add r30,r18
 675 0314 F31F      		adc r31,r19
 676 0316 E050      		subi r30,lo8(-(cube))
 677 0318 F040      		sbci r31,hi8(-(cube))
 678 031a 8081      		ld r24,Z
 679 031c 8923      		and r24,r25
 680 031e 8083      		st Z,r24
 681               	.LM53:
 682 0320 2F5F      		subi r18,lo8(-(1))
 683 0322 3F4F      		sbci r19,hi8(-(1))
 684 0324 2530      		cpi r18,5
 685 0326 3105      		cpc r19,__zero_reg__
 686 0328 01F4      		brne .L50
 687               	.LM54:
 688 032a 4F5F      		subi r20,lo8(-(1))
 689 032c 5F4F      		sbci r21,hi8(-(1))
 690 032e 4530      		cpi r20,5
 691 0330 5105      		cpc r21,__zero_reg__
 692 0332 01F0      		breq .L54
 693               	.LVL52:
 694               	.L46:
 695 0334 20E0      		ldi r18,lo8(0)
 696 0336 30E0      		ldi r19,hi8(0)
 697               	.LM55:
 698 0338 BA01      		movw r22,r20
 699               	.LVL53:
 700 033a 660F      		lsl r22
 701 033c 771F      		rol r23
 702 033e 660F      		lsl r22
 703 0340 771F      		rol r23
 704 0342 640F      		add r22,r20
 705 0344 751F      		adc r23,r21
 706 0346 00C0      		rjmp .L50
 707               	.LVL54:
 708               	.L44:
 709               	.LBE100:
 710               	.LBE103:
 711               	.LM56:
 712 0348 8937      		cpi r24,lo8(121)
 713 034a 01F4      		brne .L51
 714 034c FB01      		movw r30,r22
 715 034e E050      		subi r30,lo8(-(cube))
 716 0350 F040      		sbci r31,hi8(-(cube))
 717               	.LM57:
 718 0352 1416      		cp __zero_reg__,r20
 719 0354 1506      		cpc __zero_reg__,r21
 720 0356 04F4      		brge .L52
 721               	.LBB104:
 722               	.LBB105:
 723               	.LM58:
 724 0358 8FE1      		ldi r24,lo8(31)
 725               	.LVL55:
 726 035a 8083      		st Z,r24
 727 035c 8583      		std Z+5,r24
 728 035e 8287      		std Z+10,r24
 729 0360 8787      		std Z+15,r24
 730 0362 848B      		std Z+20,r24
 731 0364 0895      		ret
 732               	.LVL56:
 733               	.L52:
 734               	.LBE105:
 735               	.LBE104:
 736               	.LBB106:
 737               	.LBB107:
 738               	.LM59:
 739 0366 1082      		st Z,__zero_reg__
 740 0368 1582      		std Z+5,__zero_reg__
 741 036a 1286      		std Z+10,__zero_reg__
 742 036c 1786      		std Z+15,__zero_reg__
 743 036e 148A      		std Z+20,__zero_reg__
 744 0370 0895      		ret
 745               	.L51:
 746               	.LBE107:
 747               	.LBE106:
 748               	.LM60:
 749 0372 8A37      		cpi r24,lo8(122)
 750 0374 01F4      		brne .L54
 751 0376 FB01      		movw r30,r22
 752 0378 EE0F      		lsl r30
 753 037a FF1F      		rol r31
 754 037c EE0F      		lsl r30
 755 037e FF1F      		rol r31
 756               	.LM61:
 757 0380 1416      		cp __zero_reg__,r20
 758 0382 1506      		cpc __zero_reg__,r21
 759 0384 04F4      		brge .L53
 760               	.LBB108:
 761               	.LBB109:
 762               	.LM62:
 763 0386 E60F      		add r30,r22
 764 0388 F71F      		adc r31,r23
 765 038a E050      		subi r30,lo8(-(cube))
 766 038c F040      		sbci r31,hi8(-(cube))
 767 038e 8FE1      		ldi r24,lo8(31)
 768               	.LVL57:
 769 0390 8083      		st Z,r24
 770 0392 8183      		std Z+1,r24
 771 0394 8283      		std Z+2,r24
 772 0396 8383      		std Z+3,r24
 773 0398 8483      		std Z+4,r24
 774 039a 0895      		ret
 775               	.LVL58:
 776               	.L53:
 777               	.LBE109:
 778               	.LBE108:
 779               	.LBB110:
 780               	.LBB111:
 781               	.LM63:
 782 039c E60F      		add r30,r22
 783 039e F71F      		adc r31,r23
 784 03a0 E050      		subi r30,lo8(-(cube))
 785 03a2 F040      		sbci r31,hi8(-(cube))
 786 03a4 1082      		st Z,__zero_reg__
 787 03a6 1182      		std Z+1,__zero_reg__
 788 03a8 1282      		std Z+2,__zero_reg__
 789 03aa 1382      		std Z+3,__zero_reg__
 790 03ac 1482      		std Z+4,__zero_reg__
 791               	.LVL59:
 792               	.L54:
 793 03ae 0895      		ret
 794               	.LBE111:
 795               	.LBE110:
 796               	.LFE16:
 798               	.global	line_z
 800               	line_z:
 801               	.LFB17:
 802               	.LM64:
 803               	.LVL60:
 804 03b0 AF92      		push r10
 805 03b2 BF92      		push r11
 806 03b4 CF92      		push r12
 807 03b6 DF92      		push r13
 808 03b8 EF92      		push r14
 809 03ba FF92      		push r15
 810 03bc 0F93      		push r16
 811               	.LVL61:
 812 03be 1F93      		push r17
 813 03c0 CF93      		push r28
 814 03c2 DF93      		push r29
 815               	/* prologue: function */
 816               	/* frame size = 0 */
 817 03c4 5C01      		movw r10,r24
 818 03c6 6B01      		movw r12,r22
 819 03c8 7901      		movw r14,r18
 820               	.LM65:
 821 03ca 2417      		cp r18,r20
 822 03cc 3507      		cpc r19,r21
 823 03ce 04F4      		brge .L58
 824               	.LVL62:
 825 03d0 7A01      		movw r14,r20
 826               	.LVL63:
 827 03d2 A901      		movw r20,r18
 828               	.LVL64:
 829               	.L58:
 830 03d4 EA01      		movw r28,r20
 831               	.LVL65:
 832 03d6 00C0      		rjmp .L59
 833               	.LVL66:
 834               	.L60:
 835               	.LM66:
 836 03d8 C501      		movw r24,r10
 837 03da B601      		movw r22,r12
 838 03dc AE01      		movw r20,r28
 839               	.LVL67:
 840 03de 9801      		movw r18,r16
 841               	.LVL68:
 842 03e0 0E94 0000 		call alterLED
 843               	.LM67:
 844 03e4 2196      		adiw r28,1
 845               	.LVL69:
 846               	.L59:
 847 03e6 EC16      		cp r14,r28
 848 03e8 FD06      		cpc r15,r29
 849 03ea 04F4      		brge .L60
 850               	/* epilogue start */
 851               	.LM68:
 852 03ec DF91      		pop r29
 853 03ee CF91      		pop r28
 854               	.LVL70:
 855 03f0 1F91      		pop r17
 856 03f2 0F91      		pop r16
 857               	.LVL71:
 858 03f4 FF90      		pop r15
 859 03f6 EF90      		pop r14
 860               	.LVL72:
 861 03f8 DF90      		pop r13
 862 03fa CF90      		pop r12
 863               	.LVL73:
 864 03fc BF90      		pop r11
 865 03fe AF90      		pop r10
 866               	.LVL74:
 867 0400 0895      		ret
 868               	.LFE17:
 870               	.global	line_x
 872               	line_x:
 873               	.LFB18:
 874               	.LM69:
 875               	.LVL75:
 876 0402 AF92      		push r10
 877 0404 BF92      		push r11
 878 0406 CF92      		push r12
 879 0408 DF92      		push r13
 880 040a EF92      		push r14
 881 040c FF92      		push r15
 882 040e 0F93      		push r16
 883               	.LVL76:
 884 0410 1F93      		push r17
 885 0412 CF93      		push r28
 886 0414 DF93      		push r29
 887               	/* prologue: function */
 888               	/* frame size = 0 */
 889 0416 5C01      		movw r10,r24
 890 0418 6B01      		movw r12,r22
 891 041a 7901      		movw r14,r18
 892               	.LM70:
 893 041c 2417      		cp r18,r20
 894 041e 3507      		cpc r19,r21
 895 0420 04F4      		brge .L63
 896               	.LVL77:
 897 0422 7A01      		movw r14,r20
 898               	.LVL78:
 899 0424 A901      		movw r20,r18
 900               	.LVL79:
 901               	.L63:
 902 0426 EA01      		movw r28,r20
 903               	.LVL80:
 904 0428 00C0      		rjmp .L64
 905               	.LVL81:
 906               	.L65:
 907               	.LM71:
 908 042a CE01      		movw r24,r28
 909 042c B601      		movw r22,r12
 910 042e A501      		movw r20,r10
 911               	.LVL82:
 912 0430 9801      		movw r18,r16
 913               	.LVL83:
 914 0432 0E94 0000 		call alterLED
 915               	.LM72:
 916 0436 2196      		adiw r28,1
 917               	.LVL84:
 918               	.L64:
 919 0438 EC16      		cp r14,r28
 920 043a FD06      		cpc r15,r29
 921 043c 04F4      		brge .L65
 922               	/* epilogue start */
 923               	.LM73:
 924 043e DF91      		pop r29
 925 0440 CF91      		pop r28
 926               	.LVL85:
 927 0442 1F91      		pop r17
 928 0444 0F91      		pop r16
 929               	.LVL86:
 930 0446 FF90      		pop r15
 931 0448 EF90      		pop r14
 932               	.LVL87:
 933 044a DF90      		pop r13
 934 044c CF90      		pop r12
 935               	.LVL88:
 936 044e BF90      		pop r11
 937 0450 AF90      		pop r10
 938               	.LVL89:
 939 0452 0895      		ret
 940               	.LFE18:
 942               	.global	line_y
 944               	line_y:
 945               	.LFB19:
 946               	.LM74:
 947               	.LVL90:
 948 0454 AF92      		push r10
 949 0456 BF92      		push r11
 950 0458 CF92      		push r12
 951 045a DF92      		push r13
 952 045c EF92      		push r14
 953 045e FF92      		push r15
 954 0460 0F93      		push r16
 955               	.LVL91:
 956 0462 1F93      		push r17
 957 0464 CF93      		push r28
 958 0466 DF93      		push r29
 959               	/* prologue: function */
 960               	/* frame size = 0 */
 961 0468 5C01      		movw r10,r24
 962 046a 6B01      		movw r12,r22
 963 046c 7901      		movw r14,r18
 964               	.LM75:
 965 046e 2417      		cp r18,r20
 966 0470 3507      		cpc r19,r21
 967 0472 04F4      		brge .L68
 968               	.LVL92:
 969 0474 7A01      		movw r14,r20
 970               	.LVL93:
 971 0476 A901      		movw r20,r18
 972               	.LVL94:
 973               	.L68:
 974 0478 EA01      		movw r28,r20
 975               	.LVL95:
 976 047a 00C0      		rjmp .L69
 977               	.LVL96:
 978               	.L70:
 979               	.LM76:
 980 047c C601      		movw r24,r12
 981 047e BE01      		movw r22,r28
 982 0480 A501      		movw r20,r10
 983               	.LVL97:
 984 0482 9801      		movw r18,r16
 985               	.LVL98:
 986 0484 0E94 0000 		call alterLED
 987               	.LM77:
 988 0488 2196      		adiw r28,1
 989               	.LVL99:
 990               	.L69:
 991 048a EC16      		cp r14,r28
 992 048c FD06      		cpc r15,r29
 993 048e 04F4      		brge .L70
 994               	/* epilogue start */
 995               	.LM78:
 996 0490 DF91      		pop r29
 997 0492 CF91      		pop r28
 998               	.LVL100:
 999 0494 1F91      		pop r17
 1000 0496 0F91      		pop r16
 1001               	.LVL101:
 1002 0498 FF90      		pop r15
 1003 049a EF90      		pop r14
 1004               	.LVL102:
 1005 049c DF90      		pop r13
 1006 049e CF90      		pop r12
 1007               	.LVL103:
 1008 04a0 BF90      		pop r11
 1009 04a2 AF90      		pop r10
 1010               	.LVL104:
 1011 04a4 0895      		ret
 1012               	.LFE19:
 1014               	.global	drawline_plane
 1016               	drawline_plane:
 1017               	.LFB20:
 1018               	.LM79:
 1019               	.LVL105:
 1020 04a6 2F92      		push r2
 1021 04a8 3F92      		push r3
 1022 04aa 5F92      		push r5
 1023 04ac 6F92      		push r6
 1024 04ae 7F92      		push r7
 1025 04b0 8F92      		push r8
 1026 04b2 9F92      		push r9
 1027 04b4 AF92      		push r10
 1028 04b6 BF92      		push r11
 1029 04b8 CF92      		push r12
 1030 04ba DF92      		push r13
 1031 04bc EF92      		push r14
 1032 04be FF92      		push r15
 1033 04c0 0F93      		push r16
 1034               	.LVL106:
 1035 04c2 1F93      		push r17
 1036 04c4 CF93      		push r28
 1037 04c6 DF93      		push r29
 1038               	/* prologue: function */
 1039               	/* frame size = 0 */
 1040 04c8 FC01      		movw r30,r24
 1041 04ca 502E      		mov r5,r16
 1042               	.LVL107:
 1043               	.LM80:
 1044 04cc 841B      		sub r24,r20
 1045 04ce 950B      		sbc r25,r21
 1046               	.LVL108:
 1047 04d0 97FF      		sbrs r25,7
 1048 04d2 00C0      		rjmp .L73
 1049               	.LVL109:
 1050 04d4 9095      		com r25
 1051 04d6 8195      		neg r24
 1052 04d8 9F4F      		sbci r25,lo8(-1)
 1053               	.L73:
 1054               	.LM81:
 1055 04da DB01      		movw r26,r22
 1056               	.LVL110:
 1057 04dc A21B      		sub r26,r18
 1058 04de B30B      		sbc r27,r19
 1059 04e0 B7FF      		sbrs r27,7
 1060 04e2 00C0      		rjmp .L74
 1061 04e4 B095      		com r27
 1062 04e6 A195      		neg r26
 1063 04e8 BF4F      		sbci r27,lo8(-1)
 1064               	.L74:
 1065               	.LM82:
 1066 04ea E417      		cp r30,r20
 1067 04ec F507      		cpc r31,r21
 1068 04ee 04F4      		brge .L75
 1069 04f0 6624      		clr r6
 1070 04f2 6A94      		dec r6
 1071 04f4 762C      		mov r7,r6
 1072               	.LVL111:
 1073 04f6 8824      		clr r8
 1074 04f8 8A94      		dec r8
 1075 04fa 982C      		mov r9,r8
 1076               	.LVL112:
 1077 04fc 00C0      		rjmp .L76
 1078               	.LVL113:
 1079               	.L75:
 1080 04fe 01E0      		ldi r16,lo8(1)
 1081 0500 602E      		mov r6,r16
 1082 0502 712C      		mov r7,__zero_reg__
 1083               	.LVL114:
 1084 0504 11E0      		ldi r17,lo8(1)
 1085 0506 812E      		mov r8,r17
 1086 0508 912C      		mov r9,__zero_reg__
 1087               	.LVL115:
 1088               	.L76:
 1089               	.LM83:
 1090 050a 6217      		cp r22,r18
 1091 050c 7307      		cpc r23,r19
 1092 050e 04F4      		brge .L77
 1093 0510 AA24      		clr r10
 1094 0512 AA94      		dec r10
 1095 0514 BA2C      		mov r11,r10
 1096               	.LVL116:
 1097 0516 CC24      		clr r12
 1098 0518 CA94      		dec r12
 1099 051a DC2C      		mov r13,r12
 1100               	.LVL117:
 1101 051c 00C0      		rjmp .L78
 1102               	.LVL118:
 1103               	.L77:
 1104 051e F1E0      		ldi r31,lo8(1)
 1105 0520 AF2E      		mov r10,r31
 1106 0522 B12C      		mov r11,__zero_reg__
 1107               	.LVL119:
 1108 0524 E1E0      		ldi r30,lo8(1)
 1109 0526 CE2E      		mov r12,r30
 1110 0528 D12C      		mov r13,__zero_reg__
 1111               	.LVL120:
 1112               	.L78:
 1113               	.LM84:
 1114 052a 8A17      		cp r24,r26
 1115 052c 9B07      		cpc r25,r27
 1116 052e 04F0      		brlt .L79
 1117               	.LM85:
 1118 0530 EC01      		movw r28,r24
 1119               	.LVL121:
 1120 0532 D595      		asr r29
 1121 0534 C795      		ror r28
 1122 0536 1D01      		movw r2,r26
 1123               	.LVL122:
 1124 0538 DC01      		movw r26,r24
 1125               	.LVL123:
 1126 053a 7C01      		movw r14,r24
 1127               	.LVL124:
 1128 053c 6624      		clr r6
 1129 053e 7724      		clr r7
 1130 0540 CC24      		clr r12
 1131 0542 DD24      		clr r13
 1132 0544 00C0      		rjmp .L80
 1133               	.LVL125:
 1134               	.L79:
 1135               	.LM86:
 1136 0546 ED01      		movw r28,r26
 1137               	.LVL126:
 1138 0548 D595      		asr r29
 1139 054a C795      		ror r28
 1140               	.LVL127:
 1141 054c 1C01      		movw r2,r24
 1142               	.LVL128:
 1143 054e 7D01      		movw r14,r26
 1144               	.LVL129:
 1145 0550 8824      		clr r8
 1146 0552 9924      		clr r9
 1147 0554 AA24      		clr r10
 1148 0556 BB24      		clr r11
 1149               	.LVL130:
 1150               	.L80:
 1151 0558 B901      		movw r22,r18
 1152               	.LVL131:
 1153 055a 00E0      		ldi r16,lo8(0)
 1154 055c 10E0      		ldi r17,hi8(0)
 1155               	.LVL132:
 1156               	.LVL133:
 1157               	.L86:
 1158               	.LM87:
 1159 055e 8AE7      		ldi r24,lo8(122)
 1160               	.LVL134:
 1161 0560 5816      		cp r5,r24
 1162 0562 01F4      		brne .L81
 1163               	.LBB112:
 1164               	.LBB113:
 1165               	.LBB114:
 1166               	.LBB115:
 1167               	.LM88:
 1168 0564 4530      		cpi r20,5
 1169 0566 5105      		cpc r21,__zero_reg__
 1170 0568 00F0      		brlo .+2
 1171 056a 00C0      		rjmp .L82
 1172 056c 77FD      		sbrc r23,7
 1173 056e 00C0      		rjmp .L82
 1174 0570 6530      		cpi r22,5
 1175 0572 7105      		cpc r23,__zero_reg__
 1176 0574 04F0      		brlt .+2
 1177 0576 00C0      		rjmp .L82
 1178               	.LBE115:
 1179               	.LBE114:
 1180               	.LM89:
 1181 0578 FB01      		movw r30,r22
 1182               	.LVL135:
 1183 057a E050      		subi r30,lo8(-(cube))
 1184 057c F040      		sbci r31,hi8(-(cube))
 1185 057e 2489      		ldd r18,Z+20
 1186               	.LVL136:
 1187 0580 81E0      		ldi r24,lo8(1)
 1188 0582 90E0      		ldi r25,hi8(1)
 1189 0584 042E      		mov r0,r20
 1190 0586 00C0      		rjmp 2f
 1191 0588 880F      	1:	lsl r24
 1192 058a 991F      		rol r25
 1193 058c 0A94      	2:	dec r0
 1194 058e 02F4      		brpl 1b
 1195 0590 282B      		or r18,r24
 1196 0592 248B      		std Z+20,r18
 1197               	.LBE113:
 1198               	.LBE112:
 1199               	.LBB116:
 1200               	.LBB117:
 1201 0594 2785      		ldd r18,Z+15
 1202 0596 282B      		or r18,r24
 1203 0598 2787      		std Z+15,r18
 1204               	.LBE117:
 1205               	.LBE116:
 1206               	.LBB118:
 1207               	.LBB119:
 1208 059a 2285      		ldd r18,Z+10
 1209 059c 282B      		or r18,r24
 1210 059e 2287      		std Z+10,r18
 1211               	.LBE119:
 1212               	.LBE118:
 1213               	.LBB120:
 1214               	.LBB121:
 1215 05a0 2581      		ldd r18,Z+5
 1216 05a2 282B      		or r18,r24
 1217 05a4 2583      		std Z+5,r18
 1218 05a6 00C0      		rjmp .L89
 1219               	.LVL137:
 1220               	.L81:
 1221               	.LBE121:
 1222               	.LBE120:
 1223               	.LM90:
 1224 05a8 88E7      		ldi r24,lo8(120)
 1225 05aa 5816      		cp r5,r24
 1226 05ac 01F4      		brne .L83
 1227               	.LBB122:
 1228               	.LBB123:
 1229               	.LBB124:
 1230               	.LBB125:
 1231               	.LM91:
 1232 05ae 4530      		cpi r20,5
 1233 05b0 5105      		cpc r21,__zero_reg__
 1234 05b2 00F0      		brlo .+2
 1235 05b4 00C0      		rjmp .L82
 1236 05b6 77FD      		sbrc r23,7
 1237 05b8 00C0      		rjmp .L82
 1238 05ba 6530      		cpi r22,5
 1239 05bc 7105      		cpc r23,__zero_reg__
 1240 05be 04F0      		brlt .+2
 1241 05c0 00C0      		rjmp .L82
 1242               	.LBE125:
 1243               	.LBE124:
 1244               	.LM92:
 1245 05c2 FB01      		movw r30,r22
 1246               	.LVL138:
 1247 05c4 EE0F      		lsl r30
 1248 05c6 FF1F      		rol r31
 1249 05c8 EE0F      		lsl r30
 1250 05ca FF1F      		rol r31
 1251               	.LVL139:
 1252 05cc E60F      		add r30,r22
 1253 05ce F71F      		adc r31,r23
 1254 05d0 E050      		subi r30,lo8(-(cube))
 1255 05d2 F040      		sbci r31,hi8(-(cube))
 1256 05d4 2481      		ldd r18,Z+4
 1257 05d6 81E0      		ldi r24,lo8(1)
 1258 05d8 90E0      		ldi r25,hi8(1)
 1259 05da 042E      		mov r0,r20
 1260 05dc 00C0      		rjmp 2f
 1261 05de 880F      	1:	lsl r24
 1262 05e0 991F      		rol r25
 1263 05e2 0A94      	2:	dec r0
 1264 05e4 02F4      		brpl 1b
 1265 05e6 282B      		or r18,r24
 1266 05e8 2483      		std Z+4,r18
 1267               	.LBE123:
 1268               	.LBE122:
 1269               	.LBB126:
 1270               	.LBB127:
 1271 05ea 2381      		ldd r18,Z+3
 1272 05ec 282B      		or r18,r24
 1273 05ee 2383      		std Z+3,r18
 1274               	.LBE127:
 1275               	.LBE126:
 1276               	.LBB128:
 1277               	.LBB129:
 1278 05f0 2281      		ldd r18,Z+2
 1279 05f2 282B      		or r18,r24
 1280 05f4 2283      		std Z+2,r18
 1281               	.LBE129:
 1282               	.LBE128:
 1283               	.LBB130:
 1284               	.LBB131:
 1285 05f6 2181      		ldd r18,Z+1
 1286 05f8 282B      		or r18,r24
 1287 05fa 2183      		std Z+1,r18
 1288               	.L89:
 1289               	.LBE131:
 1290               	.LBE130:
 1291               	.LBB132:
 1292               	.LBB133:
 1293 05fc 2081      		ld r18,Z
 1294 05fe 822B      		or r24,r18
 1295 0600 00C0      		rjmp .L88
 1296               	.LVL140:
 1297               	.L83:
 1298               	.LBE133:
 1299               	.LBE132:
 1300               	.LM93:
 1301 0602 89E7      		ldi r24,lo8(121)
 1302 0604 5816      		cp r5,r24
 1303 0606 01F4      		brne .L82
 1304               	.LBB134:
 1305               	.LBB135:
 1306               	.LBB136:
 1307               	.LBB137:
 1308               	.LM94:
 1309 0608 77FD      		sbrc r23,7
 1310 060a 00C0      		rjmp .L82
 1311 060c 6530      		cpi r22,5
 1312 060e 7105      		cpc r23,__zero_reg__
 1313 0610 04F4      		brge .L82
 1314 0612 57FD      		sbrc r21,7
 1315 0614 00C0      		rjmp .L82
 1316 0616 4530      		cpi r20,5
 1317 0618 5105      		cpc r21,__zero_reg__
 1318 061a 04F4      		brge .L82
 1319               	.LBE137:
 1320               	.LBE136:
 1321               	.LM95:
 1322 061c FA01      		movw r30,r20
 1323               	.LVL141:
 1324 061e EE0F      		lsl r30
 1325 0620 FF1F      		rol r31
 1326 0622 EE0F      		lsl r30
 1327 0624 FF1F      		rol r31
 1328 0626 E40F      		add r30,r20
 1329 0628 F51F      		adc r31,r21
 1330 062a E60F      		add r30,r22
 1331 062c F71F      		adc r31,r23
 1332 062e E050      		subi r30,lo8(-(cube))
 1333 0630 F040      		sbci r31,hi8(-(cube))
 1334 0632 8081      		ld r24,Z
 1335 0634 8061      		ori r24,lo8(16)
 1336 0636 8083      		st Z,r24
 1337               	.LBE135:
 1338               	.LBE134:
 1339               	.LBB138:
 1340               	.LBB139:
 1341 0638 8081      		ld r24,Z
 1342 063a 8860      		ori r24,lo8(8)
 1343 063c 8083      		st Z,r24
 1344               	.LBE139:
 1345               	.LBE138:
 1346               	.LBB140:
 1347               	.LBB141:
 1348 063e 8081      		ld r24,Z
 1349 0640 8460      		ori r24,lo8(4)
 1350 0642 8083      		st Z,r24
 1351               	.LBE141:
 1352               	.LBE140:
 1353               	.LBB142:
 1354               	.LBB143:
 1355 0644 8081      		ld r24,Z
 1356 0646 8260      		ori r24,lo8(2)
 1357 0648 8083      		st Z,r24
 1358               	.LBE143:
 1359               	.LBE142:
 1360               	.LBB144:
 1361               	.LBB145:
 1362 064a 8081      		ld r24,Z
 1363 064c 8160      		ori r24,lo8(1)
 1364               	.L88:
 1365 064e 8083      		st Z,r24
 1366               	.LVL142:
 1367               	.L82:
 1368               	.LBE145:
 1369               	.LBE144:
 1370               	.LM96:
 1371 0650 C20D      		add r28,r2
 1372 0652 D31D      		adc r29,r3
 1373               	.LM97:
 1374 0654 CE15      		cp r28,r14
 1375 0656 DF05      		cpc r29,r15
 1376 0658 04F0      		brlt .L84
 1377               	.LM98:
 1378 065a CE19      		sub r28,r14
 1379 065c DF09      		sbc r29,r15
 1380               	.LM99:
 1381 065e 460D      		add r20,r6
 1382 0660 571D      		adc r21,r7
 1383               	.LVL143:
 1384               	.LM100:
 1385 0662 6A0D      		add r22,r10
 1386 0664 7B1D      		adc r23,r11
 1387               	.LVL144:
 1388               	.L84:
 1389               	.LM101:
 1390 0666 0F5F      		subi r16,lo8(-(1))
 1391 0668 1F4F      		sbci r17,hi8(-(1))
 1392 066a A017      		cp r26,r16
 1393 066c B107      		cpc r27,r17
 1394 066e 04F0      		brlt .L87
 1395               	.LM102:
 1396 0670 480D      		add r20,r8
 1397 0672 591D      		adc r21,r9
 1398               	.LVL145:
 1399               	.LM103:
 1400 0674 6C0D      		add r22,r12
 1401 0676 7D1D      		adc r23,r13
 1402 0678 00C0      		rjmp .L86
 1403               	.LVL146:
 1404               	.L87:
 1405               	/* epilogue start */
 1406               	.LM104:
 1407 067a DF91      		pop r29
 1408 067c CF91      		pop r28
 1409               	.LVL147:
 1410 067e 1F91      		pop r17
 1411 0680 0F91      		pop r16
 1412               	.LVL148:
 1413 0682 FF90      		pop r15
 1414 0684 EF90      		pop r14
 1415               	.LVL149:
 1416 0686 DF90      		pop r13
 1417 0688 CF90      		pop r12
 1418               	.LVL150:
 1419 068a BF90      		pop r11
 1420 068c AF90      		pop r10
 1421               	.LVL151:
 1422 068e 9F90      		pop r9
 1423 0690 8F90      		pop r8
 1424               	.LVL152:
 1425 0692 7F90      		pop r7
 1426 0694 6F90      		pop r6
 1427               	.LVL153:
 1428 0696 5F90      		pop r5
 1429               	.LVL154:
 1430 0698 3F90      		pop r3
 1431 069a 2F90      		pop r2
 1432               	.LVL155:
 1433 069c 0895      		ret
 1434               	.LFE20:
 1436               	.global	tmp2cube
 1438               	tmp2cube:
 1439               	.LFB21:
 1440               	.LM105:
 1441               	/* prologue: function */
 1442               	/* frame size = 0 */
 1443               	.LM106:
 1444 069e 20E0      		ldi r18,lo8(0)
 1445 06a0 30E0      		ldi r19,hi8(0)
 1446               	.LVL156:
 1447               	.L91:
 1448               	.LM107:
 1449 06a2 F901      		movw r30,r18
 1450 06a4 EE0F      		lsl r30
 1451 06a6 FF1F      		rol r31
 1452 06a8 EE0F      		lsl r30
 1453 06aa FF1F      		rol r31
 1454 06ac E20F      		add r30,r18
 1455 06ae F31F      		adc r31,r19
 1456 06b0 DF01      		movw r26,r30
 1457 06b2 A050      		subi r26,lo8(-(tmpcube))
 1458 06b4 B040      		sbci r27,hi8(-(tmpcube))
 1459 06b6 8C91      		ld r24,X
 1460 06b8 E050      		subi r30,lo8(-(cube))
 1461 06ba F040      		sbci r31,hi8(-(cube))
 1462 06bc 8083      		st Z,r24
 1463 06be 1196      		adiw r26,1
 1464 06c0 8C91      		ld r24,X
 1465 06c2 1197      		sbiw r26,1
 1466 06c4 8183      		std Z+1,r24
 1467 06c6 1296      		adiw r26,2
 1468 06c8 8C91      		ld r24,X
 1469 06ca 1297      		sbiw r26,2
 1470 06cc 8283      		std Z+2,r24
 1471 06ce 1396      		adiw r26,3
 1472 06d0 8C91      		ld r24,X
 1473 06d2 1397      		sbiw r26,3
 1474 06d4 8383      		std Z+3,r24
 1475 06d6 1496      		adiw r26,4
 1476 06d8 8C91      		ld r24,X
 1477 06da 8483      		std Z+4,r24
 1478               	.LM108:
 1479 06dc 2F5F      		subi r18,lo8(-(1))
 1480 06de 3F4F      		sbci r19,hi8(-(1))
 1481 06e0 2530      		cpi r18,5
 1482 06e2 3105      		cpc r19,__zero_reg__
 1483 06e4 01F4      		brne .L91
 1484               	/* epilogue start */
 1485               	.LM109:
 1486 06e6 0895      		ret
 1487               	.LFE21:
 1489               	.global	cube2tmp
 1491               	cube2tmp:
 1492               	.LFB22:
 1493               	.LM110:
 1494               	/* prologue: function */
 1495               	/* frame size = 0 */
 1496               	.LM111:
 1497 06e8 20E0      		ldi r18,lo8(0)
 1498 06ea 30E0      		ldi r19,hi8(0)
 1499               	.LVL157:
 1500               	.L95:
 1501               	.LM112:
 1502 06ec F901      		movw r30,r18
 1503 06ee EE0F      		lsl r30
 1504 06f0 FF1F      		rol r31
 1505 06f2 EE0F      		lsl r30
 1506 06f4 FF1F      		rol r31
 1507 06f6 E20F      		add r30,r18
 1508 06f8 F31F      		adc r31,r19
 1509 06fa DF01      		movw r26,r30
 1510 06fc A050      		subi r26,lo8(-(cube))
 1511 06fe B040      		sbci r27,hi8(-(cube))
 1512 0700 8C91      		ld r24,X
 1513 0702 E050      		subi r30,lo8(-(tmpcube))
 1514 0704 F040      		sbci r31,hi8(-(tmpcube))
 1515 0706 8083      		st Z,r24
 1516 0708 1196      		adiw r26,1
 1517 070a 8C91      		ld r24,X
 1518 070c 1197      		sbiw r26,1
 1519 070e 8183      		std Z+1,r24
 1520 0710 1296      		adiw r26,2
 1521 0712 8C91      		ld r24,X
 1522 0714 1297      		sbiw r26,2
 1523 0716 8283      		std Z+2,r24
 1524 0718 1396      		adiw r26,3
 1525 071a 8C91      		ld r24,X
 1526 071c 1397      		sbiw r26,3
 1527 071e 8383      		std Z+3,r24
 1528 0720 1496      		adiw r26,4
 1529 0722 8C91      		ld r24,X
 1530 0724 8483      		std Z+4,r24
 1531               	.LM113:
 1532 0726 2F5F      		subi r18,lo8(-(1))
 1533 0728 3F4F      		sbci r19,hi8(-(1))
 1534 072a 2530      		cpi r18,5
 1535 072c 3105      		cpc r19,__zero_reg__
 1536 072e 01F4      		brne .L95
 1537               	/* epilogue start */
 1538               	.LM114:
 1539 0730 0895      		ret
 1540               	.LFE22:
 1542               	.global	fill
 1544               	fill:
 1545               	.LFB23:
 1546               	.LM115:
 1547               	.LVL158:
 1548               	/* prologue: function */
 1549               	/* frame size = 0 */
 1550               	.LM116:
 1551 0732 20E0      		ldi r18,lo8(0)
 1552 0734 30E0      		ldi r19,hi8(0)
 1553               	.LVL159:
 1554               	.L99:
 1555               	.LM117:
 1556 0736 F901      		movw r30,r18
 1557 0738 EE0F      		lsl r30
 1558 073a FF1F      		rol r31
 1559 073c EE0F      		lsl r30
 1560 073e FF1F      		rol r31
 1561 0740 E20F      		add r30,r18
 1562 0742 F31F      		adc r31,r19
 1563 0744 E050      		subi r30,lo8(-(cube))
 1564 0746 F040      		sbci r31,hi8(-(cube))
 1565 0748 8083      		st Z,r24
 1566 074a 8183      		std Z+1,r24
 1567 074c 8283      		std Z+2,r24
 1568 074e 8383      		std Z+3,r24
 1569 0750 8483      		std Z+4,r24
 1570               	.LM118:
 1571 0752 2F5F      		subi r18,lo8(-(1))
 1572 0754 3F4F      		sbci r19,hi8(-(1))
 1573 0756 2530      		cpi r18,5
 1574 0758 3105      		cpc r19,__zero_reg__
 1575 075a 01F4      		brne .L99
 1576               	/* epilogue start */
 1577               	.LM119:
 1578 075c 0895      		ret
 1579               	.LFE23:
 1581               		.comm _Y_,5,1
 1582               		.comm _X_,5,1
 1583               		.comm _Z_,5,1
 1584               		.comm cube,25,1
 1585               		.comm tmpcube,25,1
 1586               		.comm current_layer,1,1
 1587               		.comm current_Yrow,1,1
 1588               		.comm current_effect,1,1
 1765               	.Letext0:
DEFINED SYMBOLS
                            *ABS*:00000000 simple_draw.c
C:\DOCUME~1\ds14\LOCALS~1\Temp/ccuqrLkV.s:2      *ABS*:0000003f __SREG__
C:\DOCUME~1\ds14\LOCALS~1\Temp/ccuqrLkV.s:3      *ABS*:0000003e __SP_H__
C:\DOCUME~1\ds14\LOCALS~1\Temp/ccuqrLkV.s:4      *ABS*:0000003d __SP_L__
C:\DOCUME~1\ds14\LOCALS~1\Temp/ccuqrLkV.s:5      *ABS*:00000034 __CCP__
C:\DOCUME~1\ds14\LOCALS~1\Temp/ccuqrLkV.s:6      *ABS*:00000000 __tmp_reg__
C:\DOCUME~1\ds14\LOCALS~1\Temp/ccuqrLkV.s:7      *ABS*:00000001 __zero_reg__
C:\DOCUME~1\ds14\LOCALS~1\Temp/ccuqrLkV.s:20     .text:00000000 setLED
                            *COM*:00000019 cube
C:\DOCUME~1\ds14\LOCALS~1\Temp/ccuqrLkV.s:75     .text:00000048 clrLED
C:\DOCUME~1\ds14\LOCALS~1\Temp/ccuqrLkV.s:131    .text:00000092 getLED
C:\DOCUME~1\ds14\LOCALS~1\Temp/ccuqrLkV.s:188    .text:000000da inrange
C:\DOCUME~1\ds14\LOCALS~1\Temp/ccuqrLkV.s:227    .text:00000102 alterLED
C:\DOCUME~1\ds14\LOCALS~1\Temp/ccuqrLkV.s:296    .text:00000152 flpLED
C:\DOCUME~1\ds14\LOCALS~1\Temp/ccuqrLkV.s:351    .text:0000019a setplane_z
C:\DOCUME~1\ds14\LOCALS~1\Temp/ccuqrLkV.s:381    .text:000001ba clrplane_z
C:\DOCUME~1\ds14\LOCALS~1\Temp/ccuqrLkV.s:409    .text:000001d8 setplane_x
C:\DOCUME~1\ds14\LOCALS~1\Temp/ccuqrLkV.s:470    .text:00000226 clrplane_x
C:\DOCUME~1\ds14\LOCALS~1\Temp/ccuqrLkV.s:532    .text:00000276 setplane_y
C:\DOCUME~1\ds14\LOCALS~1\Temp/ccuqrLkV.s:556    .text:0000028a clrplane_y
C:\DOCUME~1\ds14\LOCALS~1\Temp/ccuqrLkV.s:578    .text:0000029c setplane
C:\DOCUME~1\ds14\LOCALS~1\Temp/ccuqrLkV.s:800    .text:000003b0 line_z
C:\DOCUME~1\ds14\LOCALS~1\Temp/ccuqrLkV.s:872    .text:00000402 line_x
C:\DOCUME~1\ds14\LOCALS~1\Temp/ccuqrLkV.s:944    .text:00000454 line_y
C:\DOCUME~1\ds14\LOCALS~1\Temp/ccuqrLkV.s:1016   .text:000004a6 drawline_plane
C:\DOCUME~1\ds14\LOCALS~1\Temp/ccuqrLkV.s:1438   .text:0000069e tmp2cube
                            *COM*:00000019 tmpcube
C:\DOCUME~1\ds14\LOCALS~1\Temp/ccuqrLkV.s:1491   .text:000006e8 cube2tmp
C:\DOCUME~1\ds14\LOCALS~1\Temp/ccuqrLkV.s:1544   .text:00000732 fill
                            *COM*:00000005 _Y_
                            *COM*:00000005 _X_
                            *COM*:00000005 _Z_
                            *COM*:00000001 current_layer
                            *COM*:00000001 current_Yrow
                            *COM*:00000001 current_effect

UNDEFINED SYMBOLS
__do_copy_data
__do_clear_bss
